<?xml version="1.0" encoding="UTF-8"?>
<!-- Generated by org.testng.reporters.JUnitReportReporter -->
<testsuite skipped="0" hostname="DESKTOP-BHM6V9T" name="demo.DuplicateElement" tests="1" failures="0" timestamp="07 Jun 2020 19:14:03 GMT" time="0.016" errors="0">
  <testcase name="arraytest" time="0.016" classname="demo.DuplicateElement"/>
</testsuite> <!-- demo.DuplicateElement -->
