<?xml version="1.0" encoding="UTF-8"?>
<!-- Generated by org.testng.reporters.JUnitReportReporter -->
<testsuite skipped="0" hostname="DESKTOP-BHM6V9T" name="demo.TestString" tests="1" failures="0" timestamp="07 Jun 2020 19:05:11 GMT" time="0.031" errors="0">
  <testcase name="test" time="0.031" classname="demo.TestString"/>
</testsuite> <!-- demo.TestString -->
