<?xml version="1.0" encoding="UTF-8"?>
<!-- Generated by org.testng.reporters.JUnitReportReporter -->
<testsuite hostname="DESKTOP-BHM6V9T" failures="0" tests="1" name="demo.tOGGLE" time="0.028" errors="0" timestamp="23 Nov 2019 13:51:53 GMT" skipped="0">
  <testcase classname="demo.tOGGLE" name="toggle" time="0.028"/>
</testsuite> <!-- demo.tOGGLE -->
