<?xml version="1.0" encoding="UTF-8"?>
<!-- Generated by org.testng.reporters.JUnitReportReporter -->
<testsuite skipped="0" hostname="DESKTOP-BHM6V9T" name="demo.ReverseToggle" tests="1" failures="0" timestamp="07 Jun 2020 18:58:06 GMT" time="0.037" errors="0">
  <testcase name="toggle" time="0.037" classname="demo.ReverseToggle"/>
</testsuite> <!-- demo.ReverseToggle -->
