<?xml version="1.0" encoding="UTF-8"?>
<!-- Generated by org.testng.reporters.JUnitReportReporter -->
<testsuite hostname="DESKTOP-BHM6V9T" failures="0" tests="1" name="demo.SecondLargestInArray" time="0.028" errors="0" timestamp="07 Nov 2019 18:16:21 GMT" skipped="0">
  <testcase classname="demo.SecondLargestInArray" name="arraytest" time="0.028"/>
</testsuite> <!-- demo.SecondLargestInArray -->
