<?xml version="1.0" encoding="UTF-8"?>
<!-- Generated by org.testng.reporters.JUnitReportReporter -->
<testsuite skipped="0" hostname="DESKTOP-BHM6V9T" name="demo.StringTest" tests="1" failures="0" timestamp="07 Jun 2020 19:08:03 GMT" time="0.022" errors="0">
  <testcase name="test" time="0.022" classname="demo.StringTest"/>
</testsuite> <!-- demo.StringTest -->
