<?xml version="1.0" encoding="UTF-8"?>
<!-- Generated by org.testng.reporters.JUnitReportReporter -->
<testsuite skipped="0" hostname="DESKTOP-BHM6V9T" name="elementPath.General" tests="1" failures="0" timestamp="21 Jun 2020 14:23:18 GMT" time="0.018" errors="0">
  <testcase name="method1" time="0.018" classname="elementPath.General"/>
</testsuite> <!-- elementPath.General -->
