<?xml version="1.0" encoding="UTF-8"?>
<!-- Generated by org.testng.reporters.JUnitReportReporter -->
<testsuite skipped="0" hostname="DESKTOP-BHM6V9T" name="demo.CapitalWord" tests="1" failures="0" timestamp="07 Jun 2020 18:04:22 GMT" time="0.031" errors="0">
  <testcase name="reverse" time="0.031" classname="demo.CapitalWord"/>
</testsuite> <!-- demo.CapitalWord -->
