<?xml version="1.0" encoding="UTF-8"?>
<!-- Generated by org.testng.reporters.JUnitReportReporter -->
<testsuite skipped="0" hostname="DESKTOP-BHM6V9T" name="demo.Break12" tests="1" failures="0" timestamp="21 Jun 2020 11:05:09 GMT" time="0.047" errors="0">
  <testcase name="method1" time="0.047" classname="demo.Break12"/>
</testsuite> <!-- demo.Break12 -->
