<?xml version="1.0" encoding="UTF-8"?>
<!-- Generated by org.testng.reporters.JUnitReportReporter -->
<testsuite hostname="DESKTOP-BHM6V9T" failures="0" tests="1" name="elementPath.StringTest" time="0.033" errors="0" timestamp="15 Oct 2019 20:13:08 GMT" skipped="0">
  <testcase classname="elementPath.StringTest" name="test" time="0.033"/>
</testsuite> <!-- elementPath.StringTest -->
