<?xml version="1.0" encoding="UTF-8"?>
<!-- Generated by org.testng.reporters.JUnitReportReporter -->
<testsuite hostname="DESKTOP-BHM6V9T" failures="0" tests="1" name="demo.fibonacci" time="0.037" errors="0" timestamp="04 Nov 2019 18:33:26 GMT" skipped="0">
  <testcase classname="demo.fibonacci" name="test" time="0.037"/>
</testsuite> <!-- demo.fibonacci -->
